<?xml version="1.0" encoding="UTF-8"?>
<!-- Generated by org.testng.reporters.JUnitReportReporter -->
<testsuite skipped="4" hostname="WL314321" name="AutoPracticePackage.NewTestFile" tests="5" failures="0" timestamp="02 Apr 2019 03:32:55 GMT" time="23.023" errors="0">
  <testcase name="TestScenario" time="23.023" classname="AutoPracticePackage.NewTestFile"/>
  <testcase name="SignIn" classname="AutoPracticePackage.NewTestFile">
    <skipped/>
  </testcase> <!-- SignIn -->
  <testcase name="completeThePurchase" classname="AutoPracticePackage.NewTestFile">
    <skipped/>
  </testcase> <!-- completeThePurchase -->
  <testcase name="createAccount" classname="AutoPracticePackage.NewTestFile">
    <skipped/>
  </testcase> <!-- createAccount -->
  <testcase name="addProductToCart" classname="AutoPracticePackage.NewTestFile">
    <skipped/>
  </testcase> <!-- addProductToCart -->
</testsuite> <!-- AutoPracticePackage.NewTestFile -->
