<?xml version="1.0" encoding="UTF-8"?>
<!-- Generated by org.testng.reporters.JUnitReportReporter -->
<testsuite skipped="0" hostname="WL314321" name="TestCases.TestWebApp" tests="1" failures="0" timestamp="02 Apr 2019 13:03:27 GMT" time="91.375" errors="0">
  <testcase name="TestScenario" time="91.375" classname="TestCases.TestWebApp"/>
</testsuite> <!-- TestCases.TestWebApp -->
